<?xml version="1.0" encoding="UTF-8"?>
<!-- Generated by org.testng.reporters.JUnitReportReporter -->
<testsuite skipped="0" hostname="Yash-PC" name="login.verifyfund" tests="1" failures="0" timestamp="2021-08-13T00:00:28 IST" time="6.544" errors="0">
  <testcase name="verify" time="6.544" classname="login.verifyfund"/>
  <system-out/>
</testsuite> <!-- login.verifyfund -->
